  Aircraft.cpp
  Application.cpp
  BloomEffect.cpp
  Button.cpp
  DataTables.cpp
  EmitterNode.cpp
  GameOverState.cpp
  GameState.cpp
  Label.cpp
  Main.cpp
  MenuState.cpp
  MusicPlayer.cpp
  ParticleNode.cpp
  PauseState.cpp
  Pickup.cpp
  Player.cpp
  Player2.cpp
  Projectile.cpp
  SettingsState.cpp
  SoundNode.cpp
  Generating Code...
  Compiling...
  SoundPlayer.cpp
  State.cpp
  StateStack.cpp
  TextNode.cpp
  TitleState.cpp
  World.cpp
  Generating Code...
  GD4SFMLGameWorld.vcxproj -> C:\Users\New User\Desktop\Multiplayer-CA1\MultiplayerCA1\MultiplayerCA1\Debug\GD4SFMLGameWorld.exe
